2012/09/26 13:31:35 [error] [php] require_once(sysplugins/smarty_internal_data.php) [<a href='function.require-once'>function.require-once</a>]: failed to open stream: No such file or directory (Z:\home\tarakaning.ru\www\protected\extensions\yiiext\renderers\smarty\ESmartyViewRenderer.php:119)
Stack trace:
#0 Z:\home\tarakaning.ru\framework\web\CWebApplication.php(222): CWebApplication->getComponent()
#1 Z:\home\tarakaning.ru\framework\web\CController.php(696): CWebApplication->getViewRenderer()
#2 Z:\home\tarakaning.ru\framework\web\CController.php(592): SiteController->resolveViewFile()
#3 Z:\home\tarakaning.ru\framework\web\CController.php(868): SiteController->getViewFile()
#4 Z:\home\tarakaning.ru\framework\web\CController.php(783): SiteController->renderPartial()
#5 Z:\home\tarakaning.ru\www\protected\controllers\SiteController.php(32): SiteController->render()
#6 Z:\home\tarakaning.ru\framework\web\actions\CInlineAction.php(50): SiteController->actionIndex()
#7 Z:\home\tarakaning.ru\framework\web\CController.php(309): CInlineAction->runWithParams()
#8 Z:\home\tarakaning.ru\framework\web\CController.php(287): SiteController->runAction()
#9 Z:\home\tarakaning.ru\framework\web\CController.php(266): SiteController->runActionWithFilters()
#10 Z:\home\tarakaning.ru\framework\web\CWebApplication.php(283): SiteController->run()
#11 Z:\home\tarakaning.ru\framework\web\CWebApplication.php(142): CWebApplication->runController()
#12 Z:\home\tarakaning.ru\framework\base\CApplication.php(162): CWebApplication->processRequest()
#13 Z:\home\tarakaning.ru\www\index.php(13): CWebApplication->run()
REQUEST_URI=/index.php/site/index
in Z:\home\tarakaning.ru\www\protected\extensions\yiiext\renderers\smarty\ESmartyViewRenderer.php (119)
in Z:\home\tarakaning.ru\www\protected\extensions\yiiext\renderers\smarty\ESmartyViewRenderer.php (119)
in Z:\home\tarakaning.ru\www\protected\controllers\SiteController.php (32)
